Fold 0
Model 0 best validation auc = 0.778610 on epoch 13
Model 0 test auc = 0.814731
Model 1 best validation auc = 0.789571 on epoch 22
Model 1 test auc = 0.810540
Model 2 best validation auc = 0.786591 on epoch 16
Model 2 test auc = 0.808919
Model 3 best validation auc = 0.788790 on epoch 26
Model 3 test auc = 0.816486
Model 4 best validation auc = 0.787403 on epoch 20
Model 4 test auc = 0.808866
Ensemble test auc = 0.818727
1-fold cross validation
	Seed 0 ==> test auc = 0.818727
Overall test auc = 0.818727 +/- 0.000000
Fold 0
Model 0 best validation auc = 0.783907 on epoch 19
Model 0 test auc = 0.807668
Model 1 best validation auc = 0.786828 on epoch 14
Model 1 test auc = 0.804686
Model 2 best validation auc = 0.781678 on epoch 16
Model 2 test auc = 0.806293
Model 3 best validation auc = 0.782951 on epoch 26
Model 3 test auc = 0.816805
Model 4 best validation auc = 0.784034 on epoch 19
Model 4 test auc = 0.813965
Ensemble test auc = 0.815632
1-fold cross validation
	Seed 0 ==> test auc = 0.815632
Overall test auc = 0.815632 +/- 0.000000
